Copyright 1986-2015 Xilinx, Inc. All Rights Reserved.
----------------------------------------------------------------------------------------
| Tool Version     : Vivado v.2015.4 (win64) Build 1412921 Wed Nov 18 09:43:45 MST 2015
| Date             : Tue Jun 21 13:24:00 2016
| Host             : PauloFelix running 64-bit major release  (build 9200)
| Command          : 
| Design           : DBT_BD_wrapper
| Device           : xc7z010clg400-1
| Design State     : routed
| Grade            : commercial
| Process          : typical
| Characterization : Production
----------------------------------------------------------------------------------------

Power Report

Table of Contents
-----------------
1. Summary
1.1 On-Chip Components
1.2 Power Supply Summary
1.3 Confidence Level
2. Settings
2.1 Environment
2.2 Clock Constraints
3. Detailed Reports
3.1 By Hierarchy

1. Summary
----------

+--------------------------+--------+
| Total On-Chip Power (W)  | 1.705  |
| Dynamic (W)              | 1.572  |
| Device Static (W)        | 0.134  |
| Effective TJA (C/W)      | 11.5   |
| Max Ambient (C)          | 65.3   |
| Junction Temperature (C) | 44.7   |
| Confidence Level         | Medium |
| Setting File             | ---    |
| Simulation Activity File | ---    |
| Design Nets Matched      | NA     |
+--------------------------+--------+


1.1 On-Chip Components
----------------------

+-------------------------+-----------+----------+-----------+-----------------+
| On-Chip                 | Power (W) | Used     | Available | Utilization (%) |
+-------------------------+-----------+----------+-----------+-----------------+
| Clocks                  |     0.003 |        3 |       --- |             --- |
| Slice Logic             |     0.002 |     1292 |       --- |             --- |
|   LUT as Logic          |     0.002 |      492 |     17600 |            2.80 |
|   Register              |    <0.001 |      502 |     35200 |            1.43 |
|   CARRY4                |    <0.001 |        2 |      4400 |            0.05 |
|   LUT as Shift Register |    <0.001 |       17 |      6000 |            0.28 |
|   Others                |     0.000 |      169 |       --- |             --- |
| Signals                 |     0.002 |     1096 |       --- |             --- |
| Block RAM               |     0.006 |        2 |        60 |            3.33 |
| PS7                     |     1.558 |        1 |       --- |             --- |
| Static Power            |     0.134 |          |           |                 |
| Total                   |     1.705 |          |           |                 |
+-------------------------+-----------+----------+-----------+-----------------+


1.2 Power Supply Summary
------------------------

+-----------+-------------+-----------+-------------+------------+
| Source    | Voltage (V) | Total (A) | Dynamic (A) | Static (A) |
+-----------+-------------+-----------+-------------+------------+
| Vccint    |       1.000 |     0.020 |       0.013 |      0.007 |
| Vccaux    |       1.800 |     0.012 |       0.000 |      0.012 |
| Vcco33    |       3.300 |     0.001 |       0.000 |      0.001 |
| Vcco25    |       2.500 |     0.000 |       0.000 |      0.000 |
| Vcco18    |       1.800 |     0.001 |       0.000 |      0.001 |
| Vcco15    |       1.500 |     0.001 |       0.000 |      0.001 |
| Vcco135   |       1.350 |     0.000 |       0.000 |      0.000 |
| Vcco12    |       1.200 |     0.000 |       0.000 |      0.000 |
| Vccaux_io |       1.800 |     0.000 |       0.000 |      0.000 |
| Vccbram   |       1.000 |     0.001 |       0.000 |      0.001 |
| MGTAVcc   |       1.000 |     0.000 |       0.000 |      0.000 |
| MGTAVtt   |       1.200 |     0.000 |       0.000 |      0.000 |
| MGTVccaux |       1.800 |     0.000 |       0.000 |      0.000 |
| Vccpint   |       1.000 |     0.736 |       0.705 |      0.030 |
| Vccpaux   |       1.800 |     0.085 |       0.074 |      0.010 |
| Vccpll    |       1.800 |     0.017 |       0.014 |      0.003 |
| Vcco_ddr  |       1.500 |     0.458 |       0.456 |      0.002 |
| Vcco_mio0 |       3.300 |     0.003 |       0.002 |      0.001 |
| Vcco_mio1 |       1.800 |     0.004 |       0.003 |      0.001 |
| Vccadc    |       1.800 |     0.020 |       0.000 |      0.020 |
+-----------+-------------+-----------+-------------+------------+


1.3 Confidence Level
--------------------

+-----------------------------+------------+------------------------------------------------+------------------------------------------------------------------------------------------------------------+
| User Input Data             | Confidence | Details                                        | Action                                                                                                     |
+-----------------------------+------------+------------------------------------------------+------------------------------------------------------------------------------------------------------------+
| Design implementation state | High       | Design is routed                               |                                                                                                            |
| Clock nodes activity        | High       | User specified more than 95% of clocks         |                                                                                                            |
| I/O nodes activity          | High       | User specified more than 95% of inputs         |                                                                                                            |
| Internal nodes activity     | Medium     | User specified less than 25% of internal nodes | Provide missing internal nodes activity with simulation results or by editing the "By Resource Type" views |
| Device models               | High       | Device models are Production                   |                                                                                                            |
|                             |            |                                                |                                                                                                            |
| Overall confidence level    | Medium     |                                                |                                                                                                            |
+-----------------------------+------------+------------------------------------------------+------------------------------------------------------------------------------------------------------------+


2. Settings
-----------

2.1 Environment
---------------

+-----------------------+------------------------+
| Ambient Temp (C)      | 25.0                   |
| ThetaJA (C/W)         | 11.5                   |
| Airflow (LFM)         | 250                    |
| Heat Sink             | none                   |
| ThetaSA (C/W)         | 0.0                    |
| Board Selection       | medium (10"x10")       |
| # of Board Layers     | 8to11 (8 to 11 Layers) |
| Board Temperature (C) | 25.0                   |
+-----------------------+------------------------+


2.2 Clock Constraints
---------------------

+------------+-----------------------------------------------------------+-----------------+
| Clock      | Domain                                                    | Constraint (ns) |
+------------+-----------------------------------------------------------+-----------------+
| clk_fpga_0 | DBT_BD_i/processing_system7_0/inst/FCLK_CLK_unbuffered[0] |            10.0 |
+------------+-----------------------------------------------------------+-----------------+


3. Detailed Reports
-------------------

3.1 By Hierarchy
----------------

+----------------------------------------------------------+-----------+
| Name                                                     | Power (W) |
+----------------------------------------------------------+-----------+
| DBT_BD_wrapper                                           |     1.572 |
|   DBT_BD_i                                               |     1.572 |
|     axi_bram_ctrl_0                                      |     0.003 |
|       U0                                                 |     0.003 |
|         gext_inst.abcv4_0_ext_inst                       |     0.003 |
|           GEN_AXI4.I_FULL_AXI                            |     0.003 |
|             GEN_ARB.I_SNG_PORT                           |    <0.001 |
|             I_RD_CHNL                                    |     0.002 |
|               I_WRAP_BRST                                |    <0.001 |
|             I_WR_CHNL                                    |    <0.001 |
|               BID_FIFO                                   |    <0.001 |
|               I_WRAP_BRST                                |    <0.001 |
|     axi_bram_ctrl_1                                      |     0.003 |
|       U0                                                 |     0.003 |
|         gext_inst.abcv4_0_ext_inst                       |     0.003 |
|           GEN_AXI4.I_FULL_AXI                            |     0.003 |
|             GEN_ARB.I_SNG_PORT                           |    <0.001 |
|             I_RD_CHNL                                    |     0.002 |
|               I_WRAP_BRST                                |    <0.001 |
|             I_WR_CHNL                                    |     0.001 |
|               BID_FIFO                                   |    <0.001 |
|               I_WRAP_BRST                                |    <0.001 |
|     axi_mem_intercon                                     |     0.000 |
|       s00_couplers                                       |     0.000 |
|         auto_pc                                          |     0.000 |
|     axi_mem_intercon_1                                   |     0.000 |
|       s00_couplers                                       |     0.000 |
|         auto_pc                                          |     0.000 |
|     blk_mem_gen_0                                        |     0.006 |
|       U0                                                 |     0.006 |
|         inst_blk_mem_gen                                 |     0.006 |
|           gnative_mem_map_bmg.native_mem_map_blk_mem_gen |     0.006 |
|             valid.cstr                                   |     0.006 |
|               ramloop[0].ram.r                           |     0.003 |
|                 prim_noinit.ram                          |     0.003 |
|               ramloop[1].ram.r                           |     0.003 |
|                 prim_noinit.ram                          |     0.003 |
|     processing_system7_0                                 |     1.559 |
|       inst                                               |     1.559 |
|         xlnx_axi_wrshim_unwrap_inst_gp0                  |     0.000 |
|         xlnx_axi_wrshim_unwrap_inst_gp1                  |     0.000 |
|     rst_processing_system7_0_100M                        |    <0.001 |
|       U0                                                 |    <0.001 |
|         EXT_LPF                                          |    <0.001 |
|           ACTIVE_LOW_EXT.ACT_LO_EXT                      |    <0.001 |
|         SEQ                                              |    <0.001 |
|           SEQ_COUNTER                                    |    <0.001 |
+----------------------------------------------------------+-----------+


