#
# A fatal error has been detected by the Java Runtime Environment:
#
#  Internal Error (0xc000000d), pid=5308, tid=4580
#
# JRE version: Java(TM) SE Runtime Environment (8.0_45-b15) (build 1.8.0_45-b15)
# Java VM: Java HotSpot(TM) 64-Bit Server VM (25.45-b02 mixed mode windows-amd64 compressed oops)
# Problematic frame:
# C  [ntdll.dll+0x102ab0]
#
# Failed to write core dump. Minidumps are not enabled by default on client versions of Windows
#
# If you would like to submit a bug report, please visit:
#   http://bugreport.java.com/bugreport/crash.jsp
#

---------------  T H R E A D  ---------------

Current thread (0x0000000013607000):  VMThread [stack: 0x0000000014690000,0x0000000014790000] [id=4580]

siginfo: ExceptionCode=0xc000000d

Registers:
RAX=0x000000001478ee60, RBX=0xfffffffffffffffe, RCX=0x000000001478ee60, RDX=0x000000001478ee60
RSP=0x000000001478f3b0, RBP=0x00007ffe629f7408, RSI=0x0000000000000000, RDI=0x00000000000004f4
R8 =0x0000000000000000, R9 =0x0000000000000000, R10=0x000000001478f4e8, R11=0x0000000000000000
R12=0x0000000022ffd2d0, R13=0x000000000037a110, R14=0x0000000022ffd3d8, R15=0x000000001478f528
RIP=0x00007ffe89352ab0, EFLAGS=0x0000000000000202

Top of Stack: (sp=0x000000001478f3b0)
0x000000001478f3b0:   0000000000000000 fffffffffffffffe
0x000000001478f3c0:   0000000000000000 00000000000004f4
0x000000001478f3d0:   00000000c000000d 0000000000000000
0x000000001478f3e0:   00007ffe89352ab0 0000000000000000
0x000000001478f3f0:   0000000000000000 0000000000000000
0x000000001478f400:   0000000000000000 0000000000000000
0x000000001478f410:   0000000000000000 0000000000000000
0x000000001478f420:   0000000000000000 0000000000000000
0x000000001478f430:   0000000000000000 0000000000000000
0x000000001478f440:   0000000000000000 0000000000000000
0x000000001478f450:   0000000000000000 0000000000000000
0x000000001478f460:   0000000000000000 0000000000000013
0x000000001478f470:   0000ac5f6c572db7 0000000000000000
0x000000001478f480:   0000000000000120 00007ffe892f3def
0x000000001478f490:   00000000001f0000 0000000000000000
0x000000001478f4a0:   0000000000000120 0000000000000000 

Instructions: (pc=0x00007ffe89352ab0)
0x00007ffe89352a90:   1b f9 ff c7 44 24 20 0d 00 00 c0 b9 57 00 00 00
0x00007ffe89352aa0:   e8 eb e6 f4 ff 90 48 8d 4c 24 20 e8 30 0e f5 ff
0x00007ffe89352ab0:   eb 00 48 8b 8c 24 c0 00 00 00 48 33 cc e8 be ef
0x00007ffe89352ac0:   f7 ff 48 81 c4 d8 00 00 00 c3 40 55 48 83 ec 20 


Register to memory mapping:

RAX=0x000000001478ee60 is an unknown value
RBX=0xfffffffffffffffe is an unknown value
RCX=0x000000001478ee60 is an unknown value
RDX=0x000000001478ee60 is an unknown value
RSP=0x000000001478f3b0 is an unknown value
RBP=0x00007ffe629f7408 is an unknown value
RSI=0x0000000000000000 is an unknown value
RDI=0x00000000000004f4 is an unknown value
R8 =0x0000000000000000 is an unknown value
R9 =0x0000000000000000 is an unknown value
R10=0x000000001478f4e8 is an unknown value
R11=0x0000000000000000 is an unknown value
R12=0x0000000022ffd2d0 is an unknown value
R13=0x000000000037a110 is an unknown value
R14=0x0000000022ffd3d8 is an unknown value
R15=0x000000001478f528 is an unknown value


Stack: [0x0000000014690000,0x0000000014790000],  sp=0x000000001478f3b0,  free space=1020k
Native frames: (J=compiled Java code, j=interpreted, Vv=VM code, C=native code)
C  [ntdll.dll+0x102ab0]
C  [ntdll.dll+0xa3def]
C  [KERNEL32.DLL+0x399a]
C  [MSVCR110.dll+0x752d]
C  [MSVCR110.dll+0x73c6]
C  [MSVCR110.dll+0x14cca]
C  [MSVCR110.dll+0x13edc]
C  [MSVCR110.dll+0x239e]
C  [MSVCR110.dll+0xaf9e]
C  [MSVCP110.dll+0x397b9]
C  [librdi_common.dll+0x14283e]
C  [librdi_common.dll+0x141449]
C  [librdi_target_manager.dll+0x2400]
C  [librdi_target_manager.dll+0x2682]
C  [ntdll.dll+0x1c0f4]
C  [ntdll.dll+0x1b502]
C  [ntdll.dll+0x18528]
C  [KERNEL32.DLL+0x516a]
C  [MSVCR100.dll+0x20ccd]
V  [jvm.dll+0x20f135]
V  [jvm.dll+0x247ef7]
V  [jvm.dll+0x247196]
V  [jvm.dll+0x247631]
V  [jvm.dll+0x24784e]
V  [jvm.dll+0x29853a]
C  [MSVCR100.dll+0x21d9f]
C  [MSVCR100.dll+0x21e3b]
C  [KERNEL32.DLL+0x13d2]
C  [ntdll.dll+0x154e4]

VM_Operation (0x000000000013f500): Exit, mode: safepoint, requested by thread 0x00000000022ce000


---------------  P R O C E S S  ---------------

Java Threads: ( => current thread )
  0x00000000196ba000 JavaThread "Thread-35" daemon [_thread_blocked, id=2628, stack(0x0000000020d50000,0x0000000020e50000)]
  0x00000000196b5800 JavaThread "TCF Locator DNS Lookup" daemon [_thread_blocked, id=2520, stack(0x000000001f100000,0x000000001f200000)]
  0x00000000170ae000 JavaThread "TCF Locator Timer" daemon [_thread_blocked, id=4836, stack(0x000000001f000000,0x000000001f100000)]
  0x00000000170ad800 JavaThread "TCF Locator Receiver" daemon [_thread_in_native, id=2808, stack(0x000000001ef00000,0x000000001f000000)]
  0x00000000170a9800 JavaThread "TCF Timer Dispatcher" daemon [_thread_blocked, id=1692, stack(0x000000001ed00000,0x000000001ee00000)]
  0x00000000166ca000 JavaThread "EMF Reference Cleaner" daemon [_thread_blocked, id=4452, stack(0x0000000017760000,0x0000000017860000)]
  0x0000000014ec3000 JavaThread "Service Thread" daemon [_thread_blocked, id=2472, stack(0x0000000015290000,0x0000000015390000)]
  0x0000000013644000 JavaThread "C1 CompilerThread2" daemon [_thread_blocked, id=5856, stack(0x0000000014d90000,0x0000000014e90000)]
  0x000000001363f000 JavaThread "C2 CompilerThread1" daemon [_thread_blocked, id=1808, stack(0x0000000014c90000,0x0000000014d90000)]
  0x000000001364a800 JavaThread "C2 CompilerThread0" daemon [_thread_blocked, id=5972, stack(0x0000000014b90000,0x0000000014c90000)]
  0x0000000013649000 JavaThread "Attach Listener" daemon [_thread_blocked, id=4944, stack(0x0000000014a90000,0x0000000014b90000)]
  0x0000000013647800 JavaThread "Signal Dispatcher" daemon [_thread_blocked, id=4980, stack(0x0000000014990000,0x0000000014a90000)]
  0x0000000002246800 JavaThread "Finalizer" daemon [_thread_blocked, id=3032, stack(0x0000000014890000,0x0000000014990000)]
  0x000000000223e800 JavaThread "Reference Handler" daemon [_thread_blocked, id=3080, stack(0x0000000014790000,0x0000000014890000)]
  0x00000000022ce000 JavaThread "main" [_thread_blocked, id=3316, stack(0x0000000000040000,0x0000000000140000)]

Other Threads:
=>0x0000000013607000 VMThread [stack: 0x0000000014690000,0x0000000014790000] [id=4580]

VM state:at safepoint (shutting down)

VM Mutex/Monitor currently owned by a thread:  ([mutex/lock_event])
[0x00000000022cd290] Threads_lock - owner thread: 0x0000000013607000

Heap:
 PSYoungGen      total 62464K, used 7523K [0x00000000f5580000, 0x00000000f9e00000, 0x0000000100000000)
  eden space 52224K, 3% used [0x00000000f5580000,0x00000000f5717b40,0x00000000f8880000)
  from space 10240K, 57% used [0x00000000f8880000,0x00000000f8e411a0,0x00000000f9280000)
  to   space 10240K, 0% used [0x00000000f9400000,0x00000000f9400000,0x00000000f9e00000)
 ParOldGen       total 111616K, used 64534K [0x00000000e0000000, 0x00000000e6d00000, 0x00000000f5580000)
  object space 111616K, 57% used [0x00000000e0000000,0x00000000e3f05bd8,0x00000000e6d00000)
 Metaspace       used 100916K, capacity 108132K, committed 108544K, reserved 1144832K
  class space    used 11773K, capacity 14023K, committed 14080K, reserved 1048576K

Card table byte_map: [0x0000000011690000,0x00000000117a0000] byte_map_base: 0x0000000010f90000

Marking Bits: (ParMarkBitMap*) 0x00000000732b4040
 Begin Bits: [0x0000000011ba0000, 0x00000000123a0000)
 End Bits:   [0x00000000123a0000, 0x0000000012ba0000)

Polling page: 0x00000000003e0000

CodeCache: size=245760Kb used=79035Kb max_used=79379Kb free=166724Kb
 bounds [0x00000000022d0000, 0x0000000007100000, 0x00000000112d0000]
 total_blobs=20215 nmethods=19322 adapters=796
 compilation: enabled

Compilation events (10 events):
Event: 3956.910 Thread 0x0000000013644000 nmethod 26811 0x000000000388f050 code [0x000000000388f1a0, 0x000000000388f2b0]
Event: 3956.912 Thread 0x0000000013644000 26810       3       org.eclipse.osgi.baseadaptor.bundlefile.BundleFile::setMruIndex (6 bytes)
Event: 3956.912 Thread 0x0000000013644000 nmethod 26810 0x0000000003667f10 code [0x0000000003668060, 0x00000000036681b0]
Event: 3956.915 Thread 0x0000000013644000 26805   !   3       org.eclipse.equinox.internal.ds.InstanceProcess::dynamicUnBind (189 bytes)
Event: 3956.916 Thread 0x0000000013644000 nmethod 26805 0x0000000003cd3410 code [0x0000000003cd3700, 0x0000000003cd4f48]
Event: 3956.976 Thread 0x000000001363f000 nmethod 26801 0x0000000005a6c7d0 code [0x0000000005a6cb80, 0x0000000005a6fe40]
Event: 3957.769 Thread 0x0000000013644000 26812   !   3       org.eclipse.osgi.internal.baseadaptor.BaseStorage::compact (215 bytes)
Event: 3957.772 Thread 0x0000000013644000 nmethod 26812 0x00000000051628d0 code [0x0000000005162d20, 0x00000000051651e8]
Event: 3958.212 Thread 0x0000000013644000 26813       3       org.eclipse.osgi.framework.internal.core.AbstractBundle::close (52 bytes)
Event: 3958.213 Thread 0x0000000013644000 nmethod 26813 0x00000000047fb090 code [0x00000000047fb2c0, 0x00000000047fbfc8]

GC Heap History (10 events):
Event: 3925.538 GC heap before
{Heap before GC invocations=159 (full 20):
 PSYoungGen      total 58880K, used 56480K [0x00000000f5580000, 0x00000000f9a00000, 0x0000000100000000)
  eden space 49664K, 100% used [0x00000000f5580000,0x00000000f8600000,0x00000000f8600000)
  from space 9216K, 73% used [0x00000000f9100000,0x00000000f97a83a8,0x00000000f9a00000)
  to   space 10240K, 0% used [0x00000000f8600000,0x00000000f8600000,0x00000000f9000000)
 ParOldGen       total 111616K, used 63902K [0x00000000e0000000, 0x00000000e6d00000, 0x00000000f5580000)
  object space 111616K, 57% used [0x00000000e0000000,0x00000000e3e67b68,0x00000000e6d00000)
 Metaspace       used 100279K, capacity 107434K, committed 107648K, reserved 1142784K
  class space    used 11712K, capacity 13921K, committed 13952K, reserved 1048576K
Event: 3925.547 GC heap after
Heap after GC invocations=159 (full 20):
 PSYoungGen      total 59904K, used 7442K [0x00000000f5580000, 0x00000000f9b00000, 0x0000000100000000)
  eden space 49664K, 0% used [0x00000000f5580000,0x00000000f5580000,0x00000000f8600000)
  from space 10240K, 72% used [0x00000000f8600000,0x00000000f8d449e0,0x00000000f9000000)
  to   space 10240K, 0% used [0x00000000f9100000,0x00000000f9100000,0x00000000f9b00000)
 ParOldGen       total 111616K, used 63942K [0x00000000e0000000, 0x00000000e6d00000, 0x00000000f5580000)
  object space 111616K, 57% used [0x00000000e0000000,0x00000000e3e71b68,0x00000000e6d00000)
 Metaspace       used 100279K, capacity 107434K, committed 107648K, reserved 1142784K
  class space    used 11712K, capacity 13921K, committed 13952K, reserved 1048576K
}
Event: 3939.869 GC heap before
{Heap before GC invocations=160 (full 20):
 PSYoungGen      total 59904K, used 57106K [0x00000000f5580000, 0x00000000f9b00000, 0x0000000100000000)
  eden space 49664K, 100% used [0x00000000f5580000,0x00000000f8600000,0x00000000f8600000)
  from space 10240K, 72% used [0x00000000f8600000,0x00000000f8d449e0,0x00000000f9000000)
  to   space 10240K, 0% used [0x00000000f9100000,0x00000000f9100000,0x00000000f9b00000)
 ParOldGen       total 111616K, used 63942K [0x00000000e0000000, 0x00000000e6d00000, 0x00000000f5580000)
  object space 111616K, 57% used [0x00000000e0000000,0x00000000e3e71b68,0x00000000e6d00000)
 Metaspace       used 100330K, capacity 107568K, committed 107904K, reserved 1142784K
  class space    used 11714K, capacity 13922K, committed 13952K, reserved 1048576K
Event: 3939.878 GC heap after
Heap after GC invocations=160 (full 20):
 PSYoungGen      total 60928K, used 7997K [0x00000000f5580000, 0x00000000f9b00000, 0x0000000100000000)
  eden space 50688K, 0% used [0x00000000f5580000,0x00000000f5580000,0x00000000f8700000)
  from space 10240K, 78% used [0x00000000f9100000,0x00000000f98cf508,0x00000000f9b00000)
  to   space 10240K, 0% used [0x00000000f8700000,0x00000000f8700000,0x00000000f9100000)
 ParOldGen       total 111616K, used 63974K [0x00000000e0000000, 0x00000000e6d00000, 0x00000000f5580000)
  object space 111616K, 57% used [0x00000000e0000000,0x00000000e3e79b68,0x00000000e6d00000)
 Metaspace       used 100330K, capacity 107568K, committed 107904K, reserved 1142784K
  class space    used 11714K, capacity 13922K, committed 13952K, reserved 1048576K
}
Event: 3945.051 GC heap before
{Heap before GC invocations=161 (full 20):
 PSYoungGen      total 60928K, used 58685K [0x00000000f5580000, 0x00000000f9b00000, 0x0000000100000000)
  eden space 50688K, 100% used [0x00000000f5580000,0x00000000f8700000,0x00000000f8700000)
  from space 10240K, 78% used [0x00000000f9100000,0x00000000f98cf508,0x00000000f9b00000)
  to   space 10240K, 0% used [0x00000000f8700000,0x00000000f8700000,0x00000000f9100000)
 ParOldGen       total 111616K, used 63974K [0x00000000e0000000, 0x00000000e6d00000, 0x00000000f5580000)
  object space 111616K, 57% used [0x00000000e0000000,0x00000000e3e79b68,0x00000000e6d00000)
 Metaspace       used 100338K, capacity 107568K, committed 107904K, reserved 1142784K
  class space    used 11714K, capacity 13922K, committed 13952K, reserved 1048576K
Event: 3945.062 GC heap after
Heap after GC invocations=161 (full 20):
 PSYoungGen      total 60928K, used 7757K [0x00000000f5580000, 0x00000000f9c80000, 0x0000000100000000)
  eden space 50688K, 0% used [0x00000000f5580000,0x00000000f5580000,0x00000000f8700000)
  from space 10240K, 75% used [0x00000000f8700000,0x00000000f8e934f8,0x00000000f9100000)
  to   space 10240K, 0% used [0x00000000f9280000,0x00000000f9280000,0x00000000f9c80000)
 ParOldGen       total 111616K, used 64214K [0x00000000e0000000, 0x00000000e6d00000, 0x00000000f5580000)
  object space 111616K, 57% used [0x00000000e0000000,0x00000000e3eb5b68,0x00000000e6d00000)
 Metaspace       used 100338K, capacity 107568K, committed 107904K, reserved 1142784K
  class space    used 11714K, capacity 13922K, committed 13952K, reserved 1048576K
}
Event: 3954.576 GC heap before
{Heap before GC invocations=162 (full 20):
 PSYoungGen      total 60928K, used 58445K [0x00000000f5580000, 0x00000000f9c80000, 0x0000000100000000)
  eden space 50688K, 100% used [0x00000000f5580000,0x00000000f8700000,0x00000000f8700000)
  from space 10240K, 75% used [0x00000000f8700000,0x00000000f8e934f8,0x00000000f9100000)
  to   space 10240K, 0% used [0x00000000f9280000,0x00000000f9280000,0x00000000f9c80000)
 ParOldGen       total 111616K, used 64214K [0x00000000e0000000, 0x00000000e6d00000, 0x00000000f5580000)
  object space 111616K, 57% used [0x00000000e0000000,0x00000000e3eb5b68,0x00000000e6d00000)
 Metaspace       used 100372K, capacity 107632K, committed 107904K, reserved 1142784K
  class space    used 11718K, capacity 13922K, committed 13952K, reserved 1048576K
Event: 3954.588 GC heap after
Heap after GC invocations=162 (full 20):
 PSYoungGen      total 62464K, used 7878K [0x00000000f5580000, 0x00000000f9c80000, 0x0000000100000000)
  eden space 52224K, 0% used [0x00000000f5580000,0x00000000f5580000,0x00000000f8880000)
  from space 10240K, 76% used [0x00000000f9280000,0x00000000f9a31a28,0x00000000f9c80000)
  to   space 10240K, 0% used [0x00000000f8880000,0x00000000f8880000,0x00000000f9280000)
 ParOldGen       total 111616K, used 64246K [0x00000000e0000000, 0x00000000e6d00000, 0x00000000f5580000)
  object space 111616K, 57% used [0x00000000e0000000,0x00000000e3ebdb68,0x00000000e6d00000)
 Metaspace       used 100372K, capacity 107632K, committed 107904K, reserved 1142784K
  class space    used 11718K, capacity 13922K, committed 13952K, reserved 1048576K
}
Event: 3957.809 GC heap before
{Heap before GC invocations=163 (full 20):
 PSYoungGen      total 62464K, used 60102K [0x00000000f5580000, 0x00000000f9c80000, 0x0000000100000000)
  eden space 52224K, 100% used [0x00000000f5580000,0x00000000f8880000,0x00000000f8880000)
  from space 10240K, 76% used [0x00000000f9280000,0x00000000f9a31a28,0x00000000f9c80000)
  to   space 10240K, 0% used [0x00000000f8880000,0x00000000f8880000,0x00000000f9280000)
 ParOldGen       total 111616K, used 64246K [0x00000000e0000000, 0x00000000e6d00000, 0x00000000f5580000)
  object space 111616K, 57% used [0x00000000e0000000,0x00000000e3ebdb68,0x00000000e6d00000)
 Metaspace       used 100908K, capacity 108132K, committed 108544K, reserved 1144832K
  class space    used 11772K, capacity 14023K, committed 14080K, reserved 1048576K
Event: 3957.819 GC heap after
Heap after GC invocations=163 (full 20):
 PSYoungGen      total 62464K, used 5892K [0x00000000f5580000, 0x00000000f9e00000, 0x0000000100000000)
  eden space 52224K, 0% used [0x00000000f5580000,0x00000000f5580000,0x00000000f8880000)
  from space 10240K, 57% used [0x00000000f8880000,0x00000000f8e411a0,0x00000000f9280000)
  to   space 10240K, 0% used [0x00000000f9400000,0x00000000f9400000,0x00000000f9e00000)
 ParOldGen       total 111616K, used 64534K [0x00000000e0000000, 0x00000000e6d00000, 0x00000000f5580000)
  object space 111616K, 57% used [0x00000000e0000000,0x00000000e3f05bd8,0x00000000e6d00000)
 Metaspace       used 100908K, capacity 108132K, committed 108544K, reserved 1144832K
  class space    used 11772K, capacity 14023K, committed 14080K, reserved 1048576K
}

Deoptimization events (10 events):
Event: 3956.892 Thread 0x0000000017fc2000 Uncommon trap: reason=unstable_if action=reinterpret pc=0x0000000005b2a394 method=org.eclipse.core.internal.jobs.WorkerPool.startJob(Lorg/eclipse/core/internal/jobs/Worker;)Lorg/eclipse/core/internal/jobs/InternalJob; @ 177
Event: 3956.893 Thread 0x00000000196c2000 Uncommon trap: reason=unstable_if action=reinterpret pc=0x0000000005b2a394 method=org.eclipse.core.internal.jobs.WorkerPool.startJob(Lorg/eclipse/core/internal/jobs/Worker;)Lorg/eclipse/core/internal/jobs/InternalJob; @ 177
Event: 3956.893 Thread 0x00000000196ba800 Uncommon trap: reason=unstable_if action=reinterpret pc=0x0000000005b2a394 method=org.eclipse.core.internal.jobs.WorkerPool.startJob(Lorg/eclipse/core/internal/jobs/Worker;)Lorg/eclipse/core/internal/jobs/InternalJob; @ 177
Event: 3956.893 Thread 0x000000001b3f7000 Uncommon trap: reason=unstable_if action=reinterpret pc=0x0000000005b2a394 method=org.eclipse.core.internal.jobs.WorkerPool.startJob(Lorg/eclipse/core/internal/jobs/Worker;)Lorg/eclipse/core/internal/jobs/InternalJob; @ 177
Event: 3956.893 Thread 0x00000000170a8000 Uncommon trap: reason=unstable_if action=reinterpret pc=0x0000000005b2a394 method=org.eclipse.core.internal.jobs.WorkerPool.startJob(Lorg/eclipse/core/internal/jobs/Worker;)Lorg/eclipse/core/internal/jobs/InternalJob; @ 177
Event: 3956.893 Thread 0x00000000196b7800 Uncommon trap: reason=unstable_if action=reinterpret pc=0x0000000005b2a394 method=org.eclipse.core.internal.jobs.WorkerPool.startJob(Lorg/eclipse/core/internal/jobs/Worker;)Lorg/eclipse/core/internal/jobs/InternalJob; @ 177
Event: 3956.893 Thread 0x000000001b3f2800 Uncommon trap: reason=unstable_if action=reinterpret pc=0x0000000005b2a394 method=org.eclipse.core.internal.jobs.WorkerPool.startJob(Lorg/eclipse/core/internal/jobs/Worker;)Lorg/eclipse/core/internal/jobs/InternalJob; @ 177
Event: 3956.893 Thread 0x000000001b3f4000 Uncommon trap: reason=unstable_if action=reinterpret pc=0x0000000005b2a394 method=org.eclipse.core.internal.jobs.WorkerPool.startJob(Lorg/eclipse/core/internal/jobs/Worker;)Lorg/eclipse/core/internal/jobs/InternalJob; @ 177
Event: 3956.893 Thread 0x00000000181a6000 Uncommon trap: reason=unstable_if action=reinterpret pc=0x0000000005b2a394 method=org.eclipse.core.internal.jobs.WorkerPool.startJob(Lorg/eclipse/core/internal/jobs/Worker;)Lorg/eclipse/core/internal/jobs/InternalJob; @ 177
Event: 3958.212 Thread 0x00000000022ce000 Uncommon trap: reason=unstable_if action=reinterpret pc=0x0000000002604a7c method=sun.reflect.UnsafeStaticObjectFieldAccessorImpl.set(Ljava/lang/Object;Ljava/lang/Object;)V @ 13

Internal exceptions (10 events):
Event: 3955.643 Thread 0x00000000022ce000 Implicit null exception at 0x0000000006e7f666 to 0x0000000006e7fa31
Event: 3955.838 Thread 0x00000000196b4000 Exception <a 'java/lang/InterruptedException'> (0x00000000f84669b8) thrown at [C:\re\workspace\8-2-build-windows-amd64-cygwin\jdk8u45\3627\hotspot\src\share\vm\runtime\objectMonitor.cpp, line 1683]
Event: 3955.955 Thread 0x00000000022ce000 Implicit null exception at 0x0000000004ab09fe to 0x0000000004ab1fe6
Event: 3955.956 Thread 0x00000000022ce000 Implicit null exception at 0x0000000003ade1c8 to 0x0000000003adea01
Event: 3956.698 Thread 0x00000000022ce000 Implicit null exception at 0x00000000026931b3 to 0x00000000026945dd
Event: 3956.989 Thread 0x0000000015a53000 Exception <a 'java/lang/InterruptedException': sleep interrupted> (0x00000000f87b76e0) thrown at [C:\re\workspace\8-2-build-windows-amd64-cygwin\jdk8u45\3627\hotspot\src\share\vm\prims\jvm.cpp, line 3211]
Event: 3956.990 Thread 0x000000001365a000 Exception <a 'java/lang/InterruptedException'> (0x00000000f87bc568) thrown at [C:\re\workspace\8-2-build-windows-amd64-cygwin\jdk8u45\3627\hotspot\src\share\vm\runtime\objectMonitor.cpp, line 1683]
Event: 3956.990 Thread 0x0000000014ea7800 Exception <a 'java/lang/InterruptedException'> (0x00000000f87ca228) thrown at [C:\re\workspace\8-2-build-windows-amd64-cygwin\jdk8u45\3627\hotspot\src\share\vm\runtime\objectMonitor.cpp, line 1683]
Event: 3958.212 Thread 0x0000000015b80800 Exception <a 'java/lang/InterruptedException'> (0x00000000f5704838) thrown at [C:\re\workspace\8-2-build-windows-amd64-cygwin\jdk8u45\3627\hotspot\src\share\vm\runtime\objectMonitor.cpp, line 1683]
Event: 3958.212 Thread 0x00000000022ce000 Implicit null exception at 0x0000000002604738 to 0x0000000002604a69

Events (10 events):
Event: 3958.213 loading class java/util/IdentityHashMap$IdentityHashMapIterator
Event: 3958.213 loading class java/util/IdentityHashMap$IdentityHashMapIterator done
Event: 3958.213 loading class java/util/IdentityHashMap$KeyIterator done
Event: 3958.213 Thread 0x00000000181a6000 Thread added: 0x00000000181a6000
Event: 3958.213 Executing VM operation: RevokeBias
Event: 3958.213 Executing VM operation: RevokeBias done
Event: 3958.214 Executing VM operation: RevokeBias
Event: 3958.214 Executing VM operation: RevokeBias done
Event: 3958.214 Thread 0x00000000181a6000 Thread exited: 0x00000000181a6000
Event: 3958.215 Executing VM operation: Exit


Dynamic libraries:
0x0000000000400000 - 0x000000000044f000 	C:\Xilinx\SDK\2015.4\eclipse\win64.o\eclipse.exe
0x00007ffe89250000 - 0x00007ffe893fd000 	C:\Windows\SYSTEM32\ntdll.dll
0x00007ffe869a0000 - 0x00007ffe86ade000 	C:\Windows\system32\KERNEL32.DLL
0x00007ffe864e0000 - 0x00007ffe865f5000 	C:\Windows\system32\KERNELBASE.dll
0x00007ffe876b0000 - 0x00007ffe87827000 	C:\Windows\system32\USER32.dll
0x00007ffe81f50000 - 0x00007ffe821cb000 	C:\Windows\WinSxS\amd64_microsoft.windows.common-controls_6595b64144ccf1df_6.0.9600.18006_none_623f33d3ecbe86e8\COMCTL32.dll
0x00007ffe868e0000 - 0x00007ffe8698a000 	C:\Windows\system32\msvcrt.dll
0x00007ffe86cb0000 - 0x00007ffe86dff000 	C:\Windows\system32\GDI32.dll
0x00007ffe87950000 - 0x00007ffe87986000 	C:\Windows\system32\IMM32.DLL
0x00007ffe87540000 - 0x00007ffe87692000 	C:\Windows\system32\MSCTF.dll
0x0000000072000000 - 0x0000000072012000 	C:\Xilinx\SDK\2015.4\eclipse\win64.o\plugins\org.eclipse.equinox.launcher.win32.win32.x86_64_1.1.200.v20140116-2212\eclipse_1503.dll
0x00007ffe86e00000 - 0x00007ffe86eaa000 	C:\Windows\system32\ADVAPI32.dll
0x00007ffe7ecf0000 - 0x00007ffe7ecfa000 	C:\Windows\SYSTEM32\VERSION.dll
0x00007ffe87c00000 - 0x00007ffe87c59000 	C:\Windows\SYSTEM32\sechost.dll
0x00007ffe87100000 - 0x00007ffe87240000 	C:\Windows\system32\RPCRT4.dll
0x00007ffe864b0000 - 0x00007ffe864de000 	C:\Windows\system32\SspiCli.dll
0x00007ffe85020000 - 0x00007ffe85149000 	C:\Windows\system32\uxtheme.dll
0x00007ffe87320000 - 0x00007ffe87531000 	C:\Windows\SYSTEM32\combase.dll
0x0000000072ab0000 - 0x0000000073333000 	C:\Xilinx\SDK\2015.4\tps\win64\jre\bin\server\jvm.dll
0x00007ffe74710000 - 0x00007ffe74719000 	C:\Windows\SYSTEM32\WSOCK32.dll
0x00007ffe72510000 - 0x00007ffe72532000 	C:\Windows\SYSTEM32\WINMM.dll
0x00007ffe876a0000 - 0x00007ffe876a7000 	C:\Windows\system32\PSAPI.DLL
0x00000000728a0000 - 0x0000000072972000 	C:\Xilinx\SDK\2015.4\tps\win64\jre\bin\MSVCR100.dll
0x00007ffe891f0000 - 0x00007ffe8924a000 	C:\Windows\system32\WS2_32.dll
0x00007ffe724e0000 - 0x00007ffe7250a000 	C:\Windows\SYSTEM32\WINMMBASE.dll
0x00007ffe86990000 - 0x00007ffe86999000 	C:\Windows\system32\NSI.dll
0x00007ffe86600000 - 0x00007ffe8664f000 	C:\Windows\SYSTEM32\cfgmgr32.dll
0x00007ffe851a0000 - 0x00007ffe851c8000 	C:\Windows\SYSTEM32\DEVOBJ.dll
0x0000000072890000 - 0x000000007289f000 	C:\Xilinx\SDK\2015.4\tps\win64\jre\bin\verify.dll
0x0000000072860000 - 0x0000000072889000 	C:\Xilinx\SDK\2015.4\tps\win64\jre\bin\java.dll
0x0000000072840000 - 0x0000000072856000 	C:\Xilinx\SDK\2015.4\tps\win64\jre\bin\zip.dll
0x00007ffe87cc0000 - 0x00007ffe891ea000 	C:\Windows\system32\SHELL32.dll
0x00007ffe87c60000 - 0x00007ffe87cb4000 	C:\Windows\system32\SHLWAPI.dll
0x00007ffe82610000 - 0x00007ffe826c2000 	C:\Windows\SYSTEM32\SHCORE.dll
0x00007ffe86380000 - 0x00007ffe86395000 	C:\Windows\SYSTEM32\profapi.dll
0x00007ffe85bc0000 - 0x00007ffe85be0000 	C:\Windows\SYSTEM32\CRYPTSP.dll
0x00007ffe857e0000 - 0x00007ffe85816000 	C:\Windows\system32\rsaenh.dll
0x00007ffe85ed0000 - 0x00007ffe85ef6000 	C:\Windows\SYSTEM32\bcrypt.dll
0x00007ffe858f0000 - 0x00007ffe85911000 	C:\Windows\SYSTEM32\USERENV.dll
0x00007ffe86250000 - 0x00007ffe862b3000 	C:\Windows\system32\bcryptprimitives.dll
0x00007ffe862c0000 - 0x00007ffe862cb000 	C:\Windows\SYSTEM32\CRYPTBASE.dll
0x0000000072820000 - 0x000000007283a000 	C:\Xilinx\SDK\2015.4\tps\win64\jre\bin\net.dll
0x00007ffe85b60000 - 0x00007ffe85bb9000 	C:\Windows\system32\mswsock.dll
0x00007ffe81100000 - 0x00007ffe8112a000 	C:\Windows\SYSTEM32\IPHLPAPI.DLL
0x00007ffe810d0000 - 0x00007ffe810da000 	C:\Windows\SYSTEM32\WINNSI.DLL
0x00007ffe80eb0000 - 0x00007ffe80ec6000 	C:\Windows\SYSTEM32\dhcpcsvc6.DLL
0x00007ffe80e90000 - 0x00007ffe80eaa000 	C:\Windows\SYSTEM32\dhcpcsvc.DLL
0x0000000072800000 - 0x0000000072811000 	C:\Xilinx\SDK\2015.4\tps\win64\jre\bin\nio.dll
0x00007ffe87990000 - 0x00007ffe87b24000 	C:\Windows\system32\ole32.dll
0x00007ffe851f0000 - 0x00007ffe851fb000 	C:\Windows\SYSTEM32\kernel.appcore.dll
0x00007ffe77e20000 - 0x00007ffe77e35000 	C:\Windows\system32\napinsp.dll
0x00007ffe77e40000 - 0x00007ffe77e5a000 	C:\Windows\system32\pnrpnsp.dll
0x00007ffe82df0000 - 0x00007ffe82e0b000 	C:\Windows\system32\NLAapi.dll
0x00007ffe85960000 - 0x00007ffe85a04000 	C:\Windows\SYSTEM32\DNSAPI.dll
0x00007ffe77e60000 - 0x00007ffe77e6d000 	C:\Windows\System32\winrnr.dll
0x00007ffe78090000 - 0x00007ffe780a4000 	C:\Windows\system32\wshbth.dll
0x00007ffe7a6e0000 - 0x00007ffe7a6ea000 	C:\Windows\System32\rasadhlp.dll
0x00007ffe80c40000 - 0x00007ffe80cab000 	C:\Windows\System32\fwpuclnt.dll
0x0000000017a60000 - 0x0000000017b08000 	C:\Users\Paulo Felix\.Xilinx\SDK\2015.4\org.eclipse.osgi\bundles\303\1\.cp\swt-win32-4335.dll
0x00007ffe87250000 - 0x00007ffe87311000 	C:\Windows\system32\OLEAUT32.dll
0x00007ffe87b40000 - 0x00007ffe87bf6000 	C:\Windows\system32\comdlg32.dll
0x00007ffe74900000 - 0x00007ffe74982000 	C:\Windows\SYSTEM32\WINSPOOL.DRV
0x00007ffe6cf70000 - 0x00007ffe6cf86000 	C:\Windows\SYSTEM32\USP10.dll
0x00007ffe7f9b0000 - 0x00007ffe7fc33000 	C:\Windows\SYSTEM32\WININET.dll
0x00007ffe86650000 - 0x00007ffe8682f000 	C:\Windows\system32\CRYPT32.dll
0x00007ffe7fc40000 - 0x00007ffe7ff09000 	C:\Windows\SYSTEM32\iertutil.dll
0x00007ffe86430000 - 0x00007ffe86441000 	C:\Windows\system32\MSASN1.dll
0x00007ffe82410000 - 0x00007ffe82431000 	C:\Windows\system32\dwmapi.dll
0x00007ffe814c0000 - 0x00007ffe8163f000 	C:\Windows\SYSTEM32\propsys.dll
0x00007ffe87890000 - 0x00007ffe87946000 	C:\Windows\SYSTEM32\clbcatq.dll
0x0000000002290000 - 0x00000000022ae000 	C:\Users\Paulo Felix\.Xilinx\SDK\2015.4\org.eclipse.osgi\bundles\303\1\.cp\swt-gdip-win32-4335.dll
0x00007ffe6f810000 - 0x00007ffe6f9c0000 	C:\Windows\WinSxS\amd64_microsoft.windows.gdiplus_6595b64144ccf1df_1.1.9600.18123_none_932c6b81474ee6d2\gdiplus.dll
0x00007ffe84920000 - 0x00007ffe84ace000 	C:\Windows\SYSTEM32\WindowsCodecs.dll
0x0000000180000000 - 0x0000000180012000 	C:\Users\Paulo Felix\.Xilinx\SDK\2015.4\org.eclipse.osgi\bundles\121\1\.cp\os\win32\x86_64\localfile_1_0_0.dll
0x00007ffe77760000 - 0x00007ffe77771000 	C:\Users\Paulo Felix\.Xilinx\SDK\2015.4\org.eclipse.osgi\bundles\124\1\.cp\jWinHttp-1.0.0.dll
0x00007ffe7ee30000 - 0x00007ffe7eef9000 	C:\Windows\SYSTEM32\WINHTTP.dll
0x00007ffe81890000 - 0x00007ffe818fa000 	C:\Windows\SYSTEM32\oleacc.dll
0x00007ffe81b70000 - 0x00007ffe81b7a000 	C:\Xilinx\SDK\2015.4\lib\win64.o\librdi_jtag_settings.dll
0x00007ffe76180000 - 0x00007ffe761a9000 	C:\Xilinx\SDK\2015.4\lib\win64.o\librdi_debug_dialog.dll
0x00007ffe62840000 - 0x00007ffe628e7000 	C:\Windows\SYSTEM32\MSVCP110.dll
0x00007ffe629f0000 - 0x00007ffe62ac4000 	C:\Windows\SYSTEM32\MSVCR110.dll
0x00007ffe76150000 - 0x00007ffe76172000 	C:\Xilinx\SDK\2015.4\lib\win64.o\libboost_filesystem.dll
0x00007ffe3dae0000 - 0x00007ffe3e46d000 	C:\Xilinx\SDK\2015.4\lib\win64.o\librdi_common.dll
0x00007ffe3d8f0000 - 0x00007ffe3dadc000 	C:\Xilinx\SDK\2015.4\lib\win64.o\librdi_hsm.dll
0x00007ffe77750000 - 0x00007ffe77759000 	C:\Xilinx\SDK\2015.4\lib\win64.o\libboost_system.dll
0x00007ffe3d580000 - 0x00007ffe3d8ee000 	C:\Xilinx\SDK\2015.4\lib\win64.o\libCOIN-all.dll
0x00007ffe3d360000 - 0x00007ffe3d57e000 	C:\Xilinx\SDK\2015.4\lib\win64.o\libXil_lmgr11.dll
0x00007ffe761f0000 - 0x00007ffe76200000 	C:\Xilinx\SDK\2015.4\lib\win64.o\libboost_date_time.dll
0x00007ffe3d2e0000 - 0x00007ffe3d354000 	C:\Xilinx\SDK\2015.4\lib\win64.o\libboost_program_options.dll
0x00007ffe3d1e0000 - 0x00007ffe3d2da000 	C:\Xilinx\SDK\2015.4\lib\win64.o\libboost_regex.dll
0x00007ffe76130000 - 0x00007ffe76143000 	C:\Xilinx\SDK\2015.4\lib\win64.o\libboost_signals.dll
0x00007ffe686f0000 - 0x00007ffe6870d000 	C:\Xilinx\SDK\2015.4\lib\win64.o\libboost_thread.dll
0x00007ffe76120000 - 0x00007ffe7612b000 	C:\Xilinx\SDK\2015.4\lib\win64.o\libboost_xilinx.dll
0x00007ffe3d160000 - 0x00007ffe3d1e0000 	C:\Xilinx\SDK\2015.4\lib\win64.o\libhdlpsolve.dll
0x00007ffe3d0c0000 - 0x00007ffe3d15a000 	C:\Xilinx\SDK\2015.4\lib\win64.o\libhdxml.dll
0x00007ffe3cc80000 - 0x00007ffe3d0b4e00 	C:\Xilinx\SDK\2015.4\lib\win64.o\libisl_iostreams.dll
0x00007ffe63550000 - 0x00007ffe6357a000 	C:\Xilinx\SDK\2015.4\lib\win64.o\libisl_sysinfo.dll
0x00007ffe3cbb0000 - 0x00007ffe3cbc5000 	C:\Xilinx\SDK\2015.4\lib\win64.o\pthreadVC2.dll
0x00007ffe3cb50000 - 0x00007ffe3cba4000 	C:\Xilinx\SDK\2015.4\lib\win64.o\librdi_commonxillic.dll
0x00007ffe3ca20000 - 0x00007ffe3cb50000 	C:\Xilinx\SDK\2015.4\lib\win64.o\librdi_curl.dll
0x00007ffe3ca00000 - 0x00007ffe3ca18000 	C:\Xilinx\SDK\2015.4\lib\win64.o\librdiconfig.dll
0x00007ffe3c9d0000 - 0x00007ffe3c9f3000 	C:\Xilinx\SDK\2015.4\lib\win64.o\librdizlib.dll
0x0000000072980000 - 0x0000000072aa7000 	C:\Xilinx\SDK\2015.4\lib\win64.o\tcl85t.dll
0x00000000200d0000 - 0x0000000020333000 	C:\Xilinx\SDK\2015.4\lib\win64.o\xerces-c_3_1.dll
0x00007ffe7ff50000 - 0x00007ffe800d5000 	C:\Windows\SYSTEM32\urlmon.dll
0x00007ffe6c790000 - 0x00007ffe6c7b3000 	C:\Windows\SYSTEM32\VCOMP110.DLL
0x00007ffe3c980000 - 0x00007ffe3c9c3000 	C:\Xilinx\SDK\2015.4\lib\win64.o\librdi_hdf.dll
0x00007ffe3c720000 - 0x00007ffe3c975000 	C:\Xilinx\SDK\2015.4\lib\win64.o\librdi_ippcw.dll
0x00007ffe830d0000 - 0x00007ffe830e6000 	C:\Windows\SYSTEM32\NETAPI32.dll
0x00007ffe86450000 - 0x00007ffe864a1000 	C:\Windows\system32\WINTRUST.dll
0x00007ffe75b30000 - 0x00007ffe75b3b000 	C:\Xilinx\SDK\2015.4\lib\win64.o\libboost_chrono.dll
0x00007ffe3c700000 - 0x00007ffe3c716000 	C:\Xilinx\SDK\2015.4\lib\win64.o\libboost_iostreams.dll
0x00007ffe3c6d0000 - 0x00007ffe3c6f3000 	C:\Xilinx\SDK\2015.4\lib\win64.o\libisl_iosutils.dll
0x00007ffe85e20000 - 0x00007ffe85e2c000 	C:\Windows\SYSTEM32\netutils.dll
0x00007ffe85ff0000 - 0x00007ffe86016000 	C:\Windows\SYSTEM32\srvcli.dll
0x00007ffe82e10000 - 0x00007ffe82e27000 	C:\Windows\SYSTEM32\wkscli.dll
0x00007ffe74aa0000 - 0x00007ffe74aa8000 	C:\Xilinx\SDK\2015.4\lib\win64.o\librdi_target_manager.dll
0x00007ffe81c80000 - 0x00007ffe81c87000 	C:\Windows\SYSTEM32\msimg32.dll
0x00007ffe743a0000 - 0x00007ffe743af000 	C:\Xilinx\SDK\2015.4\lib\win64.o\librdi_repo_manager.dll
0x00007ffe32530000 - 0x00007ffe32d40000 	C:\Xilinx\SDK\2015.4\lib\win64.o\libXil_lmgr11FNP.dll
0x00007ffe7a6d0000 - 0x00007ffe7a6dc000 	C:\Windows\SYSTEM32\snmpapi.dll
0x00007ffe86eb0000 - 0x00007ffe8708a000 	C:\Windows\system32\SETUPAPI.dll
0x00007ffe7ff10000 - 0x00007ffe7ff42000 	C:\Windows\SYSTEM32\ntmarta.dll
0x00007ffe777f0000 - 0x00007ffe77806000 	C:\Xilinx\SDK\2015.4\eclipse\win64.o\plugins\org.eclipse.cdt.core.win32.x86_64_5.2.0.201402142303\os\win32\x86_64\spawner.dll
0x00007ffe776a0000 - 0x00007ffe776a3000 	C:\Windows\SYSTEM32\icmp.Dll
0x00007ffe73d80000 - 0x00007ffe73f09000 	C:\Windows\SYSTEM32\dbghelp.dll

VM Arguments:
jvm_args: -Dcom.xilinx.sdk.args.hwspec=C:/Users/Public/GIT-DBT/DBT_Gang/ZYBO/DBTZybo/DBTZybo.sdk/DBT_BD_wrapper.hdf -Xms64m -Xmx512m & 
java_command: <unknown>
java_class_path (initial): C:\Xilinx\SDK\2015.4\eclipse\win64.o\\plugins/org.eclipse.equinox.launcher_1.3.0.v20130327-1440.jar
Launcher Type: generic

Environment Variables:
PATH=C:/Xilinx/SDK/2015.4/tps/win64/jre/bin/server;C:/Xilinx/SDK/2015.4/tps/win64/jre/bin;C:/Xilinx/SDK/2015.4/tps/win64/jre/lib/amd64;C:\Xilinx\SDK\2015.4\gnuwin\bin;C:\Xilinx\SDK\2015.4\gnu\microblaze\nt\bin;C:\Xilinx\SDK\2015.4\gnu\microblaze\linux_toolchain\nt64_le\bin;C:\Xilinx\SDK\2015.4\gnu\microblaze\linux_toolchain\nt64_be\bin;C:\Xilinx\SDK\2015.4\gnu\arm\nt\bin;C:\Xilinx\SDK\2015.4\gnu\aarch64\nt\aarch64-none\bin;C:\Xilinx\SDK\2015.4\gnu\aarch64\nt\aarch64-linux\bin;C:\Xilinx\SDK\2015.4\gnu\armr5\nt\gcc-arm-none-eabi\bin;C:\Xilinx\SDK\2015.4\gnu\aarch32\nt\gcc-arm-none-eabi\bin;C:\Xilinx\SDK\2015.4\gnu\aarch32\nt\gcc-arm-linux-gnueabi\bin;C:\Xilinx\SDK\2015.4\bin;C:\Xilinx\SDK\2015.4\lib\win64.o;C:\Xilinx\SDK\2015.4\tps\win64\jre\bin\server;C:\Xilinx\SDK\2015.4\tps\win64\jre\bin;C:\Xilinx\Vivado\2015.4\ids_lite\ISE\bin\nt64;C:\Xilinx\Vivado\2015.4\ids_lite\ISE\lib\nt64;C:\Xilinx\Vivado\2015.4\bin;C:\Xilinx\Vivado\2015.4\lib\win64.o;C:\Xilinx\Vivado\2015.4\tps\win64\jre\bin\server;C:\Xilinx\Vivado\2015.4\tps\win64\jre\bin;C:\Xilinx\Vivado_HLS\2015.4\bin;C:\ProgramData\Oracle\Java\javapath;C:\Windows\system32;C:\Windows;C:\Windows\System32\Wbem;C:\Windows\System32\WindowsPowerShell\v1.0\;C:\Users\Paulo Felix\AppData\Local\GitHub\PortableGit_d76a6a98c9315931ec4927243517bc09e9b731a0;C:\Program Files (x86)\Skype\Phone\;C:\Users\Paulo Felix\AppData\Local\Programs\MiKTeX 2.9\miktex\bin\x64\;C:\Program Files\SciTools\bin\pc-win64;C:\Users\Public\GIT-DBT\DBT_Gang\ZYBO\DBTZybo;
USERNAME=Paulo
OS=Windows_NT
PROCESSOR_IDENTIFIER=Intel64 Family 6 Model 58 Stepping 9, GenuineIntel



---------------  S Y S T E M  ---------------

OS: Windows 8.1 , 64 bit Build 9600 (6.3.9600.17415)

CPU:total 4 (2 cores per cpu, 2 threads per core) family 6 model 58 stepping 9, cmov, cx8, fxsr, mmx, sse, sse2, sse3, ssse3, sse4.1, sse4.2, popcnt, avx, aes, clmul, erms, ht, tsc, tscinvbit, tscinv

Memory: 4k page, physical 4098760k(1128048k free), swap 6195912k(1364340k free)

vm_info: Java HotSpot(TM) 64-Bit Server VM (25.45-b02) for windows-amd64 JRE (1.8.0_45-b15), built on Apr 30 2015 12:40:44 by "java_re" with MS VC++ 10.0 (VS2010)

time: Wed Jun 22 23:46:57 2016
elapsed time: 3961 seconds (0d 1h 6m 1s)

