#-----------------------------------------------------------
# Vivado v2015.4 (64-bit)
# SW Build 1412921 on Wed Nov 18 09:43:45 MST 2015
# IP Build 1412160 on Tue Nov 17 13:47:24 MST 2015
# Start of session at: Wed Jun 22 01:03:51 2016
# Process ID: 2476
# Current directory: C:/Users/Public/GIT-DBTGang/DBT_Gang/ZYBO/DBTZybo
# Command line: vivado.exe -gui_launcher_event rodinguilauncherevent3472 C:\Users\Public\GIT-DBTGang\DBT_Gang\ZYBO\DBTZybo\DBTZybo.xpr
# Log file: C:/Users/Public/GIT-DBTGang/DBT_Gang/ZYBO/DBTZybo/vivado.log
# Journal file: C:/Users/Public/GIT-DBTGang/DBT_Gang/ZYBO/DBTZybo\vivado.jou
#-----------------------------------------------------------
start_gui
open_project C:/Users/Public/GIT-DBTGang/DBT_Gang/ZYBO/DBTZybo/DBTZybo.xpr
Scanning sources...
Finished scanning sources
INFO: [IP_Flow 19-234] Refreshing IP repositories
INFO: [IP_Flow 19-1704] No user IP repositories specified
INFO: [IP_Flow 19-2313] Loaded Vivado IP repository 'C:/Xilinx/Vivado/2015.4/data/ip'.
open_project: Time (s): cpu = 00:00:21 ; elapsed = 00:00:30 . Memory (MB): peak = 796.609 ; gain = 217.109
launch_sdk -workspace C:/Users/Public/GIT-DBTGang/DBT_Gang/ZYBO/DBTZybo/DBTZybo.sdk -hwspec C:/Users/Public/GIT-DBTGang/DBT_Gang/ZYBO/DBTZybo/DBTZybo.sdk/DBT_BD_wrapper.hdf
INFO: [Vivado 12-393] Launching SDK...
INFO: [Vivado 12-417] Running xsdk -workspace C:/Users/Public/GIT-DBTGang/DBT_Gang/ZYBO/DBTZybo/DBTZybo.sdk -hwspec C:/Users/Public/GIT-DBTGang/DBT_Gang/ZYBO/DBTZybo/DBTZybo.sdk/DBT_BD_wrapper.hdf
INFO: [Vivado 12-3157] SDK launch initiated. Please check console for any further messages.
exit
INFO: [Common 17-206] Exiting Vivado at Wed Jun 22 02:23:41 2016...
