#-----------------------------------------------------------
# Webtalk v2015.4 (64-bit)
# SW Build 1412921 on Wed Nov 18 09:43:45 MST 2015
# 
# Start of session at: Wed Jun 22 02:40:42 2016
# Process ID: 4868
# Current directory: C:/Users/Public/GIT-DBT/DBT_Gang/ZYBO/DBTZybo/DBTZybo.sdk/webtalk
# Command line: wbtcv.exe -mode batch -source sdk_webtalk.tcl
# Log file: C:/Users/Public/GIT-DBT/DBT_Gang/ZYBO/DBTZybo/DBTZybo.sdk/webtalk/webtalk.log
# Journal file: C:/Users/Public/GIT-DBT/DBT_Gang/ZYBO/DBTZybo/DBTZybo.sdk/webtalk\webtalk.jou
#-----------------------------------------------------------
source sdk_webtalk.tcl
# webtalk_init -webtalk_dir C:\\Users\\Public\\GIT-DBT\\DBT_Gang\\ZYBO\\DBTZybo\\DBTZybo.sdk\\webtalk
# webtalk_register_client -client project
# webtalk_add_data -client project -key date_generated -value "Qua jun 22 02:40:41 2016" -context "software_version_and_target_device"
# webtalk_add_data -client project -key product_version -value "SDK v2015.4" -context "software_version_and_target_device"
# webtalk_add_data -client project -key build_version -value "2015.4" -context "software_version_and_target_device"
# webtalk_add_data -client project -key os_platform -value "amd64" -context "software_version_and_target_device"
# webtalk_add_data -client project -key registration_id -value "" -context "software_version_and_target_device"
# webtalk_add_data -client project -key tool_flow -value "SDK" -context "software_version_and_target_device"
# webtalk_add_data -client project -key beta -value "false" -context "software_version_and_target_device"
# webtalk_add_data -client project -key route_design -value "NA" -context "software_version_and_target_device"
# webtalk_add_data -client project -key target_family -value "NA" -context "software_version_and_target_device"
# webtalk_add_data -client project -key target_device -value "NA" -context "software_version_and_target_device"
# webtalk_add_data -client project -key target_package -value "NA" -context "software_version_and_target_device"
# webtalk_add_data -client project -key target_speed -value "NA" -context "software_version_and_target_device"
# webtalk_add_data -client project -key random_id -value "ucani87ufnhjkprr5t28k7jp6i" -context "software_version_and_target_device"
# webtalk_add_data -client project -key project_id -value "2015.4_5" -context "software_version_and_target_device"
# webtalk_add_data -client project -key project_iteration -value "5" -context "software_version_and_target_device"
# webtalk_add_data -client project -key os_name -value "" -context "user_environment"
# webtalk_add_data -client project -key os_release -value "" -context "user_environment"
# webtalk_add_data -client project -key cpu_name -value "" -context "user_environment"
# webtalk_add_data -client project -key cpu_speed -value "" -context "user_environment"
# webtalk_add_data -client project -key total_processors -value "" -context "user_environment"
# webtalk_add_data -client project -key system_ram -value "" -context "user_environment"
# webtalk_register_client -client sdk
# webtalk_add_data -client sdk -key uid -value "1466559559887" -context "sdk\\\\hardware/1466559559887"
# webtalk_add_data -client sdk -key isZynq -value "true" -context "sdk\\\\hardware/1466559559887"
# webtalk_add_data -client sdk -key Processors -value "2" -context "sdk\\\\hardware/1466559559887"
# webtalk_add_data -client sdk -key VivadoVersion -value "2015.4" -context "sdk\\\\hardware/1466559559887"
# webtalk_add_data -client sdk -key Arch -value "zynq" -context "sdk\\\\hardware/1466559559887"
# webtalk_add_data -client sdk -key Device -value "7z010" -context "sdk\\\\hardware/1466559559887"
# webtalk_add_data -client sdk -key IsHandoff -value "true" -context "sdk\\\\hardware/1466559559887"
# webtalk_transmit -clientid 312218067 -regid "" -xml C:\\Users\\Public\\GIT-DBT\\DBT_Gang\\ZYBO\\DBTZybo\\DBTZybo.sdk\\webtalk\\usage_statistics_ext_sdk.xml -html C:\\Users\\Public\\GIT-DBT\\DBT_Gang\\ZYBO\\DBTZybo\\DBTZybo.sdk\\webtalk\\usage_statistics_ext_sdk.html -wdm C:\\Users\\Public\\GIT-DBT\\DBT_Gang\\ZYBO\\DBTZybo\\DBTZybo.sdk\\webtalk\\sdk_webtalk.wdm -intro "<H3>SDK Usage Report</H3><BR>"

    while executing
"webtalk_transmit -clientid 312218067 -regid "" -xml C:\\Users\\Public\\GIT-DBT\\DBT_Gang\\ZYBO\\DBTZybo\\DBTZybo.sdk\\webtalk\\usage_statistics_ext_sd..."
    (file "sdk_webtalk.tcl" line 32)
INFO: [Common 17-206] Exiting Webtalk at Wed Jun 22 02:40:45 2016...
